<?xml version="1.0" encoding="UTF-8"?>
<!-- Generated by org.testng.reporters.JUnitXMLReporter -->
<testsuite ignored="0" hostname="LIN59016237" failures="0" tests="11" name="FirefoxTest" time="0.055" errors="0" timestamp="2024-03-01T01:20:19 IST">
  <testcase classname="stepDefination.AllNopCommerceSteps" name="user_enters_valid_username_and_password" time="0.0">
    <skipped/>
  </testcase> <!-- user_enters_valid_username_and_password -->
  <testcase classname="stepDefination.AllNopCommerceSteps" name="save_the_credentials_and_clicks_on_login_button" time="0.0">
    <skipped/>
  </testcase> <!-- save_the_credentials_and_clicks_on_login_button -->
  <testcase classname="stepDefination.AllNopCommerceSteps" name="user_is_navigated_to_the_dashboard_page" time="0.0">
    <skipped/>
  </testcase> <!-- user_is_navigated_to_the_dashboard_page -->
  <testcase classname="stepDefination.AllNopCommerceSteps" name="click_on_sales" time="0.0">
    <skipped/>
  </testcase> <!-- click_on_sales -->
  <testcase classname="stepDefination.AllNopCommerceSteps" name="click_on_ordes" time="0.0">
    <skipped/>
  </testcase> <!-- click_on_ordes -->
  <testcase classname="stepDefination.AllNopCommerceSteps" name="read_the_orders_table" time="0.0">
    <skipped/>
  </testcase> <!-- read_the_orders_table -->
  <testcase classname="stepDefination.AllNopCommerceSteps" name="click_on_customers_from_dashboard" time="0.0">
    <skipped/>
  </testcase> <!-- click_on_customers_from_dashboard -->
  <testcase classname="stepDefination.AllNopCommerceSteps" name="click_on_edit_buttom_to_change_the_password_for_the_customer" time="0.0">
    <skipped/>
  </testcase> <!-- click_on_edit_buttom_to_change_the_password_for_the_customer -->
  <testcase classname="stepDefination.AllNopCommerceSteps" name="click_on_add_rewards_point" time="0.0">
    <skipped/>
  </testcase> <!-- click_on_add_rewards_point -->
  <testcase classname="stepDefination.AllNopCommerceSteps" name="add_the_rewards_points_to_the_customer" time="0.0">
    <skipped/>
  </testcase> <!-- add_the_rewards_points_to_the_customer -->
  <testcase classname="stepDefination.AllNopCommerceSteps" name="read_a_table_with_added_rewards_points" time="0.0">
    <skipped/>
  </testcase> <!-- read_a_table_with_added_rewards_points -->
</testsuite> <!-- FirefoxTest -->
